WARNING: A terminally deprecated method in sun.misc.Unsafe has been called
WARNING: sun.misc.Unsafe::staticFieldBase has been called by com.google.inject.internal.aop.HiddenClassDefiner (file:/opt/homebrew/Cellar/maven/3.9.11/libexec/lib/guice-5.1.0-classes.jar)
WARNING: Please consider reporting this to the maintainers of class com.google.inject.internal.aop.HiddenClassDefiner
WARNING: sun.misc.Unsafe::staticFieldBase will be removed in a future release
[INFO] Scanning for projects...
[INFO] 
[INFO] ---------------------------< CodersBay:Kino >---------------------------
[INFO] Building Kino 0.0.1-SNAPSHOT
[INFO]   from pom.xml
[INFO] --------------------------------[ jar ]---------------------------------
[INFO] 
[INFO] >>> spring-boot:3.5.4:run (default-cli) > test-compile @ Kino >>>
[INFO] 
[INFO] --- resources:3.3.1:resources (default-resources) @ Kino ---
[INFO] Copying 2 resources from src/main/resources to target/classes
[INFO] Copying 2 resources from src/main/resources to target/classes
[INFO] 
[INFO] --- compiler:3.14.0:compile (default-compile) @ Kino ---
[INFO] Nothing to compile - all classes are up to date.
[INFO] 
[INFO] --- resources:3.3.1:testResources (default-testResources) @ Kino ---
[INFO] skip non existing resourceDirectory /Users/ettorejunior/IJIDEA-PROBE/MyKino-Bend/src/test/resources
[INFO] 
[INFO] --- compiler:3.14.0:testCompile (default-testCompile) @ Kino ---
[INFO] Nothing to compile - all classes are up to date.
[INFO] 
[INFO] <<< spring-boot:3.5.4:run (default-cli) < test-compile @ Kino <<<
[INFO] 
[INFO] 
[INFO] --- spring-boot:3.5.4:run (default-cli) @ Kino ---
[INFO] Attaching agents: []
     ,--.                ,--.                      ,--. ,--.,--.,--.  ,--. ,-----.,--.   ,--.
     |  |,--.,--.,--,--, `--' ,---. ,--.--. ,---.  |  .'   /|  ||  ,'.|  |'  .-.  '\  `.'  /
,--. |  ||  ||  ||      \,--.| .-. ||  .--'(  .-'  |  .   ' |  ||  |' '  ||  | |  | .'    \
|  '-'  /'  ''  '|  ||  ||  |' '-' '|  |   .-'  `) |  |\   \|  ||  | `   |'  '-'  '/  .'.  \
 `-----'  `----' `--''--'`--' `---' `--'   `----'  `--' '--'`--'`--'  `--' `-----''--'   '--'
2025-08-23T11:15:40.409+02:00  INFO 84360 --- [Kino] [           main] CodersBay.Kino.KinoApplication           : Starting KinoApplication using Java 24.0.1 with PID 84360 (/Users/ettorejunior/IJIDEA-PROBE/MyKino-Bend/target/classes started by ettorejunior in /Users/ettorejunior/IJIDEA-PROBE/MyKino-Bend)
2025-08-23T11:15:40.410+02:00  INFO 84360 --- [Kino] [           main] CodersBay.Kino.KinoApplication           : The following 1 profile is active: "dev"
2025-08-23T11:15:40.618+02:00  INFO 84360 --- [Kino] [           main] .s.d.r.c.RepositoryConfigurationDelegate : Bootstrapping Spring Data MongoDB repositories in DEFAULT mode.
2025-08-23T11:15:40.637+02:00  INFO 84360 --- [Kino] [           main] .s.d.r.c.RepositoryConfigurationDelegate : Finished Spring Data repository scanning in 17 ms. Found 7 MongoDB repository interfaces.
2025-08-23T11:15:40.755+02:00  INFO 84360 --- [Kino] [           main] o.s.b.w.embedded.tomcat.TomcatWebServer  : Tomcat initialized with port 8080 (http)
2025-08-23T11:15:40.759+02:00  INFO 84360 --- [Kino] [           main] o.apache.catalina.core.StandardService   : Starting service [Tomcat]
2025-08-23T11:15:40.759+02:00  INFO 84360 --- [Kino] [           main] o.apache.catalina.core.StandardEngine    : Starting Servlet engine: [Apache Tomcat/10.1.43]
2025-08-23T11:15:40.778+02:00  INFO 84360 --- [Kino] [           main] o.a.c.c.C.[Tomcat].[localhost].[/]       : Initializing Spring embedded WebApplicationContext
2025-08-23T11:15:40.778+02:00  INFO 84360 --- [Kino] [           main] w.s.c.ServletWebServerApplicationContext : Root WebApplicationContext: initialization completed in 356 ms
2025-08-23T11:15:40.844+02:00  INFO 84360 --- [Kino] [           main] org.mongodb.driver.client                : MongoClient with metadata {"driver": {"name": "mongo-java-driver|sync|spring-boot", "version": "5.5.1"}, "os": {"type": "Darwin", "name": "Mac OS X", "architecture": "aarch64", "version": "15.5"}, "platform": "Java/Homebrew/24.0.1"} created with settings MongoClientSettings{readPreference=primary, writeConcern=WriteConcern{w=majority, wTimeout=null ms, journal=null}, retryWrites=true, retryReads=true, readConcern=ReadConcern{level=null}, credential=MongoCredential{mechanism=null, userName='ettorepw', source='admin', password=<hidden>, mechanismProperties=<hidden>}, transportSettings=null, commandListeners=[], codecRegistry=ProvidersCodecRegistry{codecProviders=[ValueCodecProvider{}, BsonValueCodecProvider{}, DBRefCodecProvider{}, DBObjectCodecProvider{}, DocumentCodecProvider{}, CollectionCodecProvider{}, IterableCodecProvider{}, MapCodecProvider{}, GeoJsonCodecProvider{}, GridFSFileCodecProvider{}, Jsr310CodecProvider{}, JsonObjectCodecProvider{}, BsonCodecProvider{}, EnumCodecProvider{}, com.mongodb.client.model.mql.ExpressionCodecProvider@5e230fc6, com.mongodb.Jep395RecordCodecProvider@7a8341c1, com.mongodb.KotlinCodecProvider@ca8ef3a]}, loggerSettings=LoggerSettings{maxDocumentLength=1000}, clusterSettings={hosts=[127.0.0.1:27017], srvHost=bibliotecadejunior.y2xvybm.mongodb.net, srvServiceName=mongodb, mode=MULTIPLE, requiredClusterType=REPLICA_SET, requiredReplicaSetName='atlas-t5tvmt-shard-0', serverSelector='null', clusterListeners='[]', serverSelectionTimeout='5000 ms', localThreshold='15 ms'}, socketSettings=SocketSettings{connectTimeoutMS=10000, readTimeoutMS=0, receiveBufferSize=0, proxySettings=ProxySettings{host=null, port=null, username=null, password=null}}, heartbeatSocketSettings=SocketSettings{connectTimeoutMS=10000, readTimeoutMS=10000, receiveBufferSize=0, proxySettings=ProxySettings{host=null, port=null, username=null, password=null}}, connectionPoolSettings=ConnectionPoolSettings{maxSize=10, minSize=0, maxWaitTimeMS=120000, maxConnectionLifeTimeMS=0, maxConnectionIdleTimeMS=0, maintenanceInitialDelayMS=0, maintenanceFrequencyMS=60000, connectionPoolListeners=[], maxConnecting=2}, serverSettings=ServerSettings{heartbeatFrequencyMS=10000, minHeartbeatFrequencyMS=500, serverMonitoringMode=AUTO, serverListeners='[]', serverMonitorListeners='[]'}, sslSettings=SslSettings{enabled=true, invalidHostNameAllowed=false, context=null}, applicationName='null', compressorList=[], uuidRepresentation=JAVA_LEGACY, serverApi=null, autoEncryptionSettings=null, dnsClient=null, inetAddressResolver=null, contextProvider=null, timeoutMS=null}
2025-08-23T11:15:40.846+02:00  INFO 84360 --- [Kino] [ybm.mongodb.net] org.mongodb.driver.cluster               : Adding discovered server ac-n6vja7j-shard-00-01.y2xvybm.mongodb.net:27017 to client view of cluster
2025-08-23T11:15:40.852+02:00  INFO 84360 --- [Kino] [ybm.mongodb.net] org.mongodb.driver.cluster               : Adding discovered server ac-n6vja7j-shard-00-02.y2xvybm.mongodb.net:27017 to client view of cluster
2025-08-23T11:15:40.853+02:00  INFO 84360 --- [Kino] [ybm.mongodb.net] org.mongodb.driver.cluster               : Adding discovered server ac-n6vja7j-shard-00-00.y2xvybm.mongodb.net:27017 to client view of cluster
2025-08-23T11:15:41.077+02:00  INFO 84360 --- [Kino] [ngodb.net:27017] org.mongodb.driver.cluster               : Monitor thread successfully connected to server with description ServerDescription{address=ac-n6vja7j-shard-00-00.y2xvybm.mongodb.net:27017, type=REPLICA_SET_SECONDARY, cryptd=false, state=CONNECTED, ok=true, minWireVersion=0, maxWireVersion=25, maxDocumentSize=16777216, logicalSessionTimeoutMinutes=30, roundTripTimeNanos=144560541, minRoundTripTimeNanos=0, setName='atlas-t5tvmt-shard-0', canonicalAddress=ac-n6vja7j-shard-00-00.y2xvybm.mongodb.net:27017, hosts=[ac-n6vja7j-shard-00-01.y2xvybm.mongodb.net:27017, ac-n6vja7j-shard-00-02.y2xvybm.mongodb.net:27017, ac-n6vja7j-shard-00-00.y2xvybm.mongodb.net:27017], passives=[], arbiters=[], primary='ac-n6vja7j-shard-00-01.y2xvybm.mongodb.net:27017', tagSet=TagSet{[Tag{name='availabilityZone', value='euc1-az2'}, Tag{name='diskState', value='READY'}, Tag{name='nodeType', value='ELECTABLE'}, Tag{name='provider', value='AWS'}, Tag{name='region', value='EU_CENTRAL_1'}, Tag{name='workloadType', value='OPERATIONAL'}]}, electionId=null, setVersion=145, topologyVersion=TopologyVersion{processId=68a238a1b2c0957f217773ce, counter=4}, lastWriteDate=Sat Aug 23 11:15:40 CEST 2025, lastUpdateTimeNanos=5133788511231958}
2025-08-23T11:15:41.077+02:00  INFO 84360 --- [Kino] [ngodb.net:27017] org.mongodb.driver.cluster               : Monitor thread successfully connected to server with description ServerDescription{address=ac-n6vja7j-shard-00-02.y2xvybm.mongodb.net:27017, type=REPLICA_SET_SECONDARY, cryptd=false, state=CONNECTED, ok=true, minWireVersion=0, maxWireVersion=25, maxDocumentSize=16777216, logicalSessionTimeoutMinutes=30, roundTripTimeNanos=140260458, minRoundTripTimeNanos=0, setName='atlas-t5tvmt-shard-0', canonicalAddress=ac-n6vja7j-shard-00-02.y2xvybm.mongodb.net:27017, hosts=[ac-n6vja7j-shard-00-01.y2xvybm.mongodb.net:27017, ac-n6vja7j-shard-00-02.y2xvybm.mongodb.net:27017, ac-n6vja7j-shard-00-00.y2xvybm.mongodb.net:27017], passives=[], arbiters=[], primary='ac-n6vja7j-shard-00-01.y2xvybm.mongodb.net:27017', tagSet=TagSet{[Tag{name='availabilityZone', value='euc1-az1'}, Tag{name='diskState', value='READY'}, Tag{name='nodeType', value='ELECTABLE'}, Tag{name='provider', value='AWS'}, Tag{name='region', value='EU_CENTRAL_1'}, Tag{name='workloadType', value='OPERATIONAL'}]}, electionId=null, setVersion=145, topologyVersion=TopologyVersion{processId=68a23d1032ae9c8e381a9418, counter=3}, lastWriteDate=Sat Aug 23 11:15:40 CEST 2025, lastUpdateTimeNanos=5133788511231958}
2025-08-23T11:15:41.077+02:00  INFO 84360 --- [Kino] [ngodb.net:27017] org.mongodb.driver.cluster               : Monitor thread successfully connected to server with description ServerDescription{address=ac-n6vja7j-shard-00-01.y2xvybm.mongodb.net:27017, type=REPLICA_SET_PRIMARY, cryptd=false, state=CONNECTED, ok=true, minWireVersion=0, maxWireVersion=25, maxDocumentSize=16777216, logicalSessionTimeoutMinutes=30, roundTripTimeNanos=141399958, minRoundTripTimeNanos=0, setName='atlas-t5tvmt-shard-0', canonicalAddress=ac-n6vja7j-shard-00-01.y2xvybm.mongodb.net:27017, hosts=[ac-n6vja7j-shard-00-01.y2xvybm.mongodb.net:27017, ac-n6vja7j-shard-00-02.y2xvybm.mongodb.net:27017, ac-n6vja7j-shard-00-00.y2xvybm.mongodb.net:27017], passives=[], arbiters=[], primary='ac-n6vja7j-shard-00-01.y2xvybm.mongodb.net:27017', tagSet=TagSet{[Tag{name='availabilityZone', value='euc1-az3'}, Tag{name='diskState', value='READY'}, Tag{name='nodeType', value='ELECTABLE'}, Tag{name='provider', value='AWS'}, Tag{name='region', value='EU_CENTRAL_1'}, Tag{name='workloadType', value='OPERATIONAL'}]}, electionId=7fffffff00000000000000a8, setVersion=145, topologyVersion=TopologyVersion{processId=68a23ac996448680b8bdd9bc, counter=6}, lastWriteDate=Sat Aug 23 11:15:40 CEST 2025, lastUpdateTimeNanos=5133788511225875}
2025-08-23T11:15:41.079+02:00  INFO 84360 --- [Kino] [ngodb.net:27017] org.mongodb.driver.cluster               : Discovered replica set primary ac-n6vja7j-shard-00-01.y2xvybm.mongodb.net:27017 with max election id 7fffffff00000000000000a8 and max set version 145
2025-08-23T11:15:41.105+02:00  INFO 84360 --- [Kino] [           main] o.s.b.w.embedded.tomcat.TomcatWebServer  : Tomcat started on port 8080 (http) with context path '/'
2025-08-23T11:15:41.108+02:00  INFO 84360 --- [Kino] [           main] CodersBay.Kino.KinoApplication           : Started KinoApplication in 0.81 seconds (process running for 0.9)
2025-08-23T11:15:52.691+02:00  INFO 84360 --- [Kino] [nio-8080-exec-1] o.a.c.c.C.[Tomcat].[localhost].[/]       : Initializing Spring DispatcherServlet 'dispatcherServlet'
2025-08-23T11:15:52.691+02:00  INFO 84360 --- [Kino] [nio-8080-exec-1] o.s.web.servlet.DispatcherServlet        : Initializing Servlet 'dispatcherServlet'
2025-08-23T11:15:52.692+02:00  INFO 84360 --- [Kino] [nio-8080-exec-1] o.s.web.servlet.DispatcherServlet        : Completed initialization in 1 ms
=== DEBUG: MovieController.getMovies() called ===
=== DEBUG: Retrieved 4 movies ===
=== DEBUG: First movie: Spider-Man: No Way Home ===
